This is pdfTeX, Version 3.14159265-2.6-1.40.18 (TeX Live 2017) (preloaded format=pdflatex 2017.5.23)  25 APR 2018 14:11
entering extended mode
 restricted \write18 enabled.
 file:line:error style messages enabled.
 %&-line parsing enabled.
**thesis.tex
(./thesis.tex
LaTeX2e <2017-04-15>
Babel <3.10> and hyphenation patterns for 84 language(s) loaded.
(/usr/local/texlive/2017/texmf-dist/tex/latex/base/report.cls
Document Class: report 2014/09/29 v1.4h Standard LaTeX document class
(/usr/local/texlive/2017/texmf-dist/tex/latex/base/size12.clo
File: size12.clo 2014/09/29 v1.4h Standard LaTeX file (size option)
)
\c@part=\count79
\c@chapter=\count80
\c@section=\count81
\c@subsection=\count82
\c@subsubsection=\count83
\c@paragraph=\count84
\c@subparagraph=\count85
\c@figure=\count86
\c@table=\count87
\abovecaptionskip=\skip41
\belowcaptionskip=\skip42
\bibindent=\dimen102
)
(/usr/local/texlive/2017/texmf-dist/tex/latex/amsmath/amsmath.sty
Package: amsmath 2016/11/05 v2.16a AMS math features
\@mathmargin=\skip43

For additional information on amsmath, use the `?' option.
(/usr/local/texlive/2017/texmf-dist/tex/latex/amsmath/amstext.sty
Package: amstext 2000/06/29 v2.01 AMS text

(/usr/local/texlive/2017/texmf-dist/tex/latex/amsmath/amsgen.sty
File: amsgen.sty 1999/11/30 v2.0 generic functions
\@emptytoks=\toks14
\ex@=\dimen103
))
(/usr/local/texlive/2017/texmf-dist/tex/latex/amsmath/amsbsy.sty
Package: amsbsy 1999/11/29 v1.2d Bold Symbols
\pmbraise@=\dimen104
)
(/usr/local/texlive/2017/texmf-dist/tex/latex/amsmath/amsopn.sty
Package: amsopn 2016/03/08 v2.02 operator names
)
\inf@bad=\count88
LaTeX Info: Redefining \frac on input line 213.
\uproot@=\count89
\leftroot@=\count90
LaTeX Info: Redefining \overline on input line 375.
\classnum@=\count91
\DOTSCASE@=\count92
LaTeX Info: Redefining \ldots on input line 472.
LaTeX Info: Redefining \dots on input line 475.
LaTeX Info: Redefining \cdots on input line 596.
\Mathstrutbox@=\box26
\strutbox@=\box27
\big@size=\dimen105
LaTeX Font Info:    Redeclaring font encoding OML on input line 712.
LaTeX Font Info:    Redeclaring font encoding OMS on input line 713.
\macc@depth=\count93
\c@MaxMatrixCols=\count94
\dotsspace@=\muskip10
\c@parentequation=\count95
\dspbrk@lvl=\count96
\tag@help=\toks15
\row@=\count97
\column@=\count98
\maxfields@=\count99
\andhelp@=\toks16
\eqnshift@=\dimen106
\alignsep@=\dimen107
\tagshift@=\dimen108
\tagwidth@=\dimen109
\totwidth@=\dimen110
\lineht@=\dimen111
\@envbody=\toks17
\multlinegap=\skip44
\multlinetaggap=\skip45
\mathdisplay@stack=\toks18
LaTeX Info: Redefining \[ on input line 2817.
LaTeX Info: Redefining \] on input line 2818.
)
(/usr/local/texlive/2017/texmf-dist/tex/latex/amscls/amsthm.sty
Package: amsthm 2015/03/04 v2.20.2
\thm@style=\toks19
\thm@bodyfont=\toks20
\thm@headfont=\toks21
\thm@notefont=\toks22
\thm@headpunct=\toks23
\thm@preskip=\skip46
\thm@postskip=\skip47
\thm@headsep=\skip48
\dth@everypar=\toks24
)
(/usr/local/texlive/2017/texmf-dist/tex/latex/amsfonts/amsfonts.sty
Package: amsfonts 2013/01/14 v3.01 Basic AMSFonts support
\symAMSa=\mathgroup4
\symAMSb=\mathgroup5
LaTeX Font Info:    Overwriting math alphabet `\mathfrak' in version `bold'
(Font)                  U/euf/m/n --> U/euf/b/n on input line 106.
)
(/usr/local/texlive/2017/texmf-dist/tex/latex/amsfonts/amssymb.sty
Package: amssymb 2013/01/14 v3.01 AMS font symbols
)
(/usr/local/texlive/2017/texmf-dist/tex/generic/bibtex/apalike.sty
\bibhang=\skip49
)
(/usr/local/texlive/2017/texmf-dist/tex/latex/float/float.sty
Package: float 2001/11/08 v1.3d Float enhancements (AL)
\c@float@type=\count100
\float@exts=\toks25
\float@box=\box28
\@float@everytoks=\toks26
\@floatcapt=\box29
)
(/usr/local/texlive/2017/texmf-dist/tex/latex/caption/caption.sty
Package: caption 2016/02/21 v3.3-144 Customizing captions (AR)

(/usr/local/texlive/2017/texmf-dist/tex/latex/caption/caption3.sty
Package: caption3 2016/05/22 v1.7-166 caption3 kernel (AR)
Package caption3 Info: TeX engine: e-TeX on input line 67.

(/usr/local/texlive/2017/texmf-dist/tex/latex/graphics/keyval.sty
Package: keyval 2014/10/28 v1.15 key=value parser (DPC)
\KV@toks@=\toks27
)
\captionmargin=\dimen112
\captionmargin@=\dimen113
\captionwidth=\dimen114
\caption@tempdima=\dimen115
\caption@indent=\dimen116
\caption@parindent=\dimen117
\caption@hangindent=\dimen118
)
\c@ContinuedFloat=\count101
Package caption Info: float package is loaded.
)
(/usr/local/texlive/2017/texmf-dist/tex/latex/fancyhdr/fancyhdr.sty
Package: fancyhdr 2016/09/06 3.8 Extensive control of page headers and footers
\fancy@headwidth=\skip50
\f@ncyO@elh=\skip51
\f@ncyO@erh=\skip52
\f@ncyO@olh=\skip53
\f@ncyO@orh=\skip54
\f@ncyO@elf=\skip55
\f@ncyO@erf=\skip56
\f@ncyO@olf=\skip57
\f@ncyO@orf=\skip58
)
(/usr/local/texlive/2017/texmf-dist/tex/latex/fancybox/fancybox.sty
Package: fancybox 2010/05/15 1.4

Style option: `fancybox' v1.4 <2010/05/15> (tvz)
\@fancybox=\box30
\shadowsize=\dimen119
\@Sbox=\box31
\do@VerbBox=\toks28
\the@fancyput=\toks29
\this@fancyput=\toks30
\EndVerbatimTokens=\toks31
\Verbatim@Outfile=\write3
\Verbatim@Infile=\read1
) (/usr/local/texlive/2017/texmf-dist/tex/latex/base/ifthen.sty
Package: ifthen 2014/09/29 v1.1c Standard LaTeX ifthen package (DPC)
)
(./bu_ece_thesis.sty
(/usr/local/texlive/2017/texmf-dist/tex/latex/setspace/setspace.sty
Package: setspace 2011/12/19 v6.7a set line spacing
)
\degree=\count102
\numadvisors=\count103
\@approvalreader=\box32
)
(/usr/local/texlive/2017/texmf-dist/tex/latex/url/url.sty
\Urlmuskip=\muskip11
Package: url 2013/09/16  ver 3.4  Verb mode for urls, etc.
)
(/usr/local/texlive/2017/texmf-dist/tex/latex/graphics/lscape.sty
Package: lscape 2000/10/22 v3.01 Landscape Pages (DPC)

(/usr/local/texlive/2017/texmf-dist/tex/latex/graphics/graphics.sty
Package: graphics 2017/04/14 v1.1b Standard LaTeX Graphics (DPC,SPQR)

(/usr/local/texlive/2017/texmf-dist/tex/latex/graphics/trig.sty
Package: trig 2016/01/03 v1.10 sin cos tan (DPC)
)
(/usr/local/texlive/2017/texmf-dist/tex/latex/graphics-cfg/graphics.cfg
File: graphics.cfg 2016/06/04 v1.11 sample graphics configuration
)
Package graphics Info: Driver file: pdftex.def on input line 99.

(/usr/local/texlive/2017/texmf-dist/tex/latex/graphics-def/pdftex.def
File: pdftex.def 2017/01/12 v0.06k Graphics/color for pdfTeX

(/usr/local/texlive/2017/texmf-dist/tex/generic/oberdiek/infwarerr.sty
Package: infwarerr 2016/05/16 v1.4 Providing info/warning/error messages (HO)
)
(/usr/local/texlive/2017/texmf-dist/tex/generic/oberdiek/ltxcmds.sty
Package: ltxcmds 2016/05/16 v1.23 LaTeX kernel commands for general use (HO)
)
\Gread@gobject=\count104
)))
(/usr/local/texlive/2017/texmf-dist/tex/latex/tools/afterpage.sty
Package: afterpage 2014/10/28 v1.08 After-Page Package (DPC)
\AP@output=\toks32
\AP@partial=\box33
\AP@footins=\box34
)
(/usr/local/texlive/2017/texmf-dist/tex/latex/tools/xspace.sty
Package: xspace 2014/10/28 v1.13 Space after command names (DPC,MH)
)
(/usr/local/texlive/2017/texmf-dist/tex/latex/oberdiek/epstopdf.sty
Package: epstopdf 2016/05/15 v2.6 Conversion with epstopdf on the fly (HO)

(/usr/local/texlive/2017/texmf-dist/tex/latex/oberdiek/epstopdf-base.sty
Package: epstopdf-base 2016/05/15 v2.6 Base part for package epstopdf

(/usr/local/texlive/2017/texmf-dist/tex/latex/oberdiek/grfext.sty
Package: grfext 2016/05/16 v1.2 Manage graphics extensions (HO)

(/usr/local/texlive/2017/texmf-dist/tex/generic/oberdiek/kvdefinekeys.sty
Package: kvdefinekeys 2016/05/16 v1.4 Define keys (HO)
))
(/usr/local/texlive/2017/texmf-dist/tex/latex/oberdiek/kvoptions.sty
Package: kvoptions 2016/05/16 v3.12 Key value format for package options (HO)

(/usr/local/texlive/2017/texmf-dist/tex/generic/oberdiek/kvsetkeys.sty
Package: kvsetkeys 2016/05/16 v1.17 Key value parser (HO)

(/usr/local/texlive/2017/texmf-dist/tex/generic/oberdiek/etexcmds.sty
Package: etexcmds 2016/05/16 v1.6 Avoid name clashes with e-TeX commands (HO)

(/usr/local/texlive/2017/texmf-dist/tex/generic/oberdiek/ifluatex.sty
Package: ifluatex 2016/05/16 v1.4 Provides the ifluatex switch (HO)
Package ifluatex Info: LuaTeX not detected.
)
Package etexcmds Info: Could not find \expanded.
(etexcmds)             That can mean that you are not using pdfTeX 1.50 or
(etexcmds)             that some package has redefined \expanded.
(etexcmds)             In the latter case, load this package earlier.
)))
(/usr/local/texlive/2017/texmf-dist/tex/generic/oberdiek/pdftexcmds.sty
Package: pdftexcmds 2017/03/19 v0.25 Utility functions of pdfTeX for LuaTeX (HO
)

(/usr/local/texlive/2017/texmf-dist/tex/generic/oberdiek/ifpdf.sty
Package: ifpdf 2017/03/15 v3.2 Provides the ifpdf switch
)
Package pdftexcmds Info: LuaTeX not detected.
Package pdftexcmds Info: \pdf@primitive is available.
Package pdftexcmds Info: \pdf@ifprimitive is available.
Package pdftexcmds Info: \pdfdraftmode found.
)
Package epstopdf-base Info: Redefining graphics rule for `.eps' on input line 4
38.
Package grfext Info: Graphics extension search list:
(grfext)             [.png,.pdf,.jpg,.mps,.jpeg,.jbig2,.jb2,.PNG,.PDF,.JPG,.JPE
G,.JBIG2,.JB2,.eps]
(grfext)             \AppendGraphicsExtensions on input line 456.

(/usr/local/texlive/2017/texmf-dist/tex/latex/latexconfig/epstopdf-sys.cfg
File: epstopdf-sys.cfg 2010/07/13 v1.3 Configuration of (r)epstopdf for TeX Liv
e
)))
(/usr/local/texlive/2017/texmf-dist/tex/latex/graphics/graphicx.sty
Package: graphicx 2014/10/28 v1.0g Enhanced LaTeX Graphics (DPC,SPQR)
\Gin@req@height=\dimen120
\Gin@req@width=\dimen121
)
(/usr/local/texlive/2017/texmf-dist/tex/latex/appendix/appendix.sty
Package: appendix 2009/09/02 v1.2b extra appendix facilities
\c@@pps=\count105
\c@@ppsavesec=\count106
\c@@ppsaveapp=\count107
)
(/usr/local/texlive/2017/texmf-dist/tex/latex/pdfpages/pdfpages.sty
Package: pdfpages 2017/01/14 v0.5h Insert pages of external PDF documents (AM)

(/usr/local/texlive/2017/texmf-dist/tex/latex/tools/calc.sty
Package: calc 2014/10/28 v4.3 Infix arithmetic (KKT,FJ)
\calc@Acount=\count108
\calc@Bcount=\count109
\calc@Adimen=\dimen122
\calc@Bdimen=\dimen123
\calc@Askip=\skip59
\calc@Bskip=\skip60
LaTeX Info: Redefining \setlength on input line 80.
LaTeX Info: Redefining \addtolength on input line 81.
\calc@Ccount=\count110
\calc@Cskip=\skip61
)
(/usr/local/texlive/2017/texmf-dist/tex/latex/eso-pic/eso-pic.sty
Package: eso-pic 2015/07/21 v2.0g eso-pic (RN)

(/usr/local/texlive/2017/texmf-dist/tex/generic/oberdiek/atbegshi.sty
Package: atbegshi 2016/06/09 v1.18 At begin shipout hook (HO)
)
(/usr/local/texlive/2017/texmf-dist/tex/latex/xcolor/xcolor.sty
Package: xcolor 2016/05/11 v2.12 LaTeX color extensions (UK)

(/usr/local/texlive/2017/texmf-dist/tex/latex/graphics-cfg/color.cfg
File: color.cfg 2016/01/02 v1.6 sample color configuration
)
Package xcolor Info: Driver file: pdftex.def on input line 225.
Package xcolor Info: Model `cmy' substituted by `cmy0' on input line 1348.
Package xcolor Info: Model `hsb' substituted by `rgb' on input line 1352.
Package xcolor Info: Model `RGB' extended on input line 1364.
Package xcolor Info: Model `HTML' substituted by `rgb' on input line 1366.
Package xcolor Info: Model `Hsb' substituted by `hsb' on input line 1367.
Package xcolor Info: Model `tHsb' substituted by `hsb' on input line 1368.
Package xcolor Info: Model `HSB' substituted by `hsb' on input line 1369.
Package xcolor Info: Model `Gray' substituted by `gray' on input line 1370.
Package xcolor Info: Model `wave' substituted by `hsb' on input line 1371.
))
\AM@pagewidth=\dimen124
\AM@pageheight=\dimen125

(/usr/local/texlive/2017/texmf-dist/tex/latex/pdfpages/pppdftex.def
File: pppdftex.def 2017/01/14 v0.5h Pdfpages driver for pdfTeX (AM)
)
\AM@pagebox=\box35
\AM@global@opts=\toks33
\AM@toc@title=\toks34
\c@AM@survey=\count111
\AM@templatesizebox=\box36
)
(/usr/local/texlive/2017/texmf-dist/tex/latex/subfigure/subfigure.sty
Package: subfigure 2002/03/15 v2.1.5 subfigure package
\subfigtopskip=\skip62
\subfigcapskip=\skip63
\subfigcaptopadj=\dimen126
\subfigbottomskip=\skip64
\subfigcapmargin=\dimen127
\subfiglabelskip=\skip65
\c@subfigure=\count112
\c@lofdepth=\count113
\c@subtable=\count114
\c@lotdepth=\count115

****************************************
* Local config file subfigure.cfg used *
****************************************
(/usr/local/texlive/2017/texmf-dist/tex/latex/subfigure/subfigure.cfg)
\subfig@top=\skip66
\subfig@bottom=\skip67
)
(/usr/local/texlive/2017/texmf-dist/tex/latex/algorithms/algorithm.sty
Package: algorithm 2009/08/24 v0.1 Document Style `algorithm' - floating enviro
nment
\@float@every@algorithm=\toks35
\c@algorithm=\count116
)
(/usr/local/texlive/2017/texmf-dist/tex/latex/algorithmicx/algpseudocode.sty
Package: algpseudocode 

(/usr/local/texlive/2017/texmf-dist/tex/latex/algorithmicx/algorithmicx.sty
Package: algorithmicx 2005/04/27 v1.2 Algorithmicx

Document Style algorithmicx 1.2 - a greatly improved `algorithmic' style
\c@ALG@line=\count117
\c@ALG@rem=\count118
\c@ALG@nested=\count119
\ALG@tlm=\skip68
\ALG@thistlm=\skip69
\c@ALG@Lnr=\count120
\c@ALG@blocknr=\count121
\c@ALG@storecount=\count122
\c@ALG@tmpcounter=\count123
\ALG@tmplength=\skip70
)
Document Style - pseudocode environments for use with the `algorithmicx' style
) (/usr/local/texlive/2017/texmf-dist/tex/latex/hyperref/hyperref.sty
Package: hyperref 2017/03/14 v6.85a Hypertext links for LaTeX

(/usr/local/texlive/2017/texmf-dist/tex/generic/oberdiek/hobsub-hyperref.sty
Package: hobsub-hyperref 2016/05/16 v1.14 Bundle oberdiek, subset hyperref (HO)


(/usr/local/texlive/2017/texmf-dist/tex/generic/oberdiek/hobsub-generic.sty
Package: hobsub-generic 2016/05/16 v1.14 Bundle oberdiek, subset generic (HO)
Package: hobsub 2016/05/16 v1.14 Construct package bundles (HO)
Package hobsub Info: Skipping package `infwarerr' (already loaded).
Package hobsub Info: Skipping package `ltxcmds' (already loaded).
Package hobsub Info: Skipping package `ifluatex' (already loaded).
Package: ifvtex 2016/05/16 v1.6 Detect VTeX and its facilities (HO)
Package ifvtex Info: VTeX not detected.
Package: intcalc 2016/05/16 v1.2 Expandable calculations with integers (HO)
Package hobsub Info: Skipping package `ifpdf' (already loaded).
Package hobsub Info: Skipping package `etexcmds' (already loaded).
Package hobsub Info: Skipping package `kvsetkeys' (already loaded).
Package hobsub Info: Skipping package `kvdefinekeys' (already loaded).
Package hobsub Info: Skipping package `pdftexcmds' (already loaded).
Package: pdfescape 2016/05/16 v1.14 Implements pdfTeX's escape features (HO)
Package: bigintcalc 2016/05/16 v1.4 Expandable calculations on big integers (HO
)
Package: bitset 2016/05/16 v1.2 Handle bit-vector datatype (HO)
Package: uniquecounter 2016/05/16 v1.3 Provide unlimited unique counter (HO)
)
Package hobsub Info: Skipping package `hobsub' (already loaded).
Package: letltxmacro 2016/05/16 v1.5 Let assignment for LaTeX macros (HO)
Package: hopatch 2016/05/16 v1.3 Wrapper for package hooks (HO)
Package: xcolor-patch 2016/05/16 xcolor patch
Package: atveryend 2016/05/16 v1.9 Hooks at the very end of document (HO)
Package atveryend Info: \AP@enddocument detected (standard20110627).
Package hobsub Info: Skipping package `atbegshi' (already loaded).
Package: refcount 2016/05/16 v3.5 Data extraction from label references (HO)
Package: hycolor 2016/05/16 v1.8 Color options for hyperref/bookmark (HO)
)
(/usr/local/texlive/2017/texmf-dist/tex/generic/ifxetex/ifxetex.sty
Package: ifxetex 2010/09/12 v0.6 Provides ifxetex conditional
)
(/usr/local/texlive/2017/texmf-dist/tex/latex/oberdiek/auxhook.sty
Package: auxhook 2016/05/16 v1.4 Hooks for auxiliary files (HO)
)
\@linkdim=\dimen128
\Hy@linkcounter=\count124
\Hy@pagecounter=\count125

(/usr/local/texlive/2017/texmf-dist/tex/latex/hyperref/pd1enc.def
File: pd1enc.def 2017/03/14 v6.85a Hyperref: PDFDocEncoding definition (HO)
)
\Hy@SavedSpaceFactor=\count126

(/usr/local/texlive/2017/texmf-dist/tex/latex/latexconfig/hyperref.cfg
File: hyperref.cfg 2002/06/06 v1.2 hyperref configuration of TeXLive
)
Package hyperref Info: Option `colorlinks' set `true' on input line 4374.
Package hyperref Info: Option `bookmarks' set `false' on input line 4374.
Package hyperref Info: Hyper figures OFF on input line 4498.
Package hyperref Info: Link nesting OFF on input line 4503.
Package hyperref Info: Hyper index ON on input line 4506.
Package hyperref Info: Plain pages OFF on input line 4513.
Package hyperref Info: Backreferencing OFF on input line 4518.
Package hyperref Info: Implicit mode ON; LaTeX internals redefined.
Package hyperref Info: Bookmarks OFF on input line 4757.
\c@Hy@tempcnt=\count127
LaTeX Info: Redefining \url on input line 5104.
\XeTeXLinkMargin=\dimen129
\Fld@menulength=\count128
\Field@Width=\dimen130
\Fld@charsize=\dimen131
Package hyperref Info: Hyper figures OFF on input line 6358.
Package hyperref Info: Link nesting OFF on input line 6363.
Package hyperref Info: Hyper index ON on input line 6366.
Package hyperref Info: backreferencing OFF on input line 6373.
Package hyperref Info: Link coloring ON on input line 6376.
Package hyperref Info: Link coloring with OCG OFF on input line 6383.
Package hyperref Info: PDF/A mode OFF on input line 6388.
LaTeX Info: Redefining \ref on input line 6428.
LaTeX Info: Redefining \pageref on input line 6432.
\Hy@abspage=\count129
\c@Item=\count130
\c@Hfootnote=\count131
)

Package hyperref Message: Driver (autodetected): hpdftex.

(/usr/local/texlive/2017/texmf-dist/tex/latex/hyperref/hpdftex.def
File: hpdftex.def 2017/03/14 v6.85a Hyperref driver for pdfTeX
\Fld@listcount=\count132
\c@bookmark@seq@number=\count133

(/usr/local/texlive/2017/texmf-dist/tex/latex/oberdiek/rerunfilecheck.sty
Package: rerunfilecheck 2016/05/16 v1.8 Rerun checks for auxiliary files (HO)
Package uniquecounter Info: New unique counter `rerunfilecheck' on input line 2
82.
)
\Hy@SectionHShift=\skip71
)
(./macros.tex)
\c@definition=\count134
\c@theorem=\count135
\c@corollary=\count136
 (./thesis.aux (./0_Prelim/prelim.aux) (./1_Intro/intro.aux)
(./2_Body/body.aux) (./3_Conclusion/conclusion.aux))
\openout1 = `thesis.aux'.

LaTeX Font Info:    Checking defaults for OML/cmm/m/it on input line 83.
LaTeX Font Info:    ... okay on input line 83.
LaTeX Font Info:    Checking defaults for T1/cmr/m/n on input line 83.
LaTeX Font Info:    ... okay on input line 83.
LaTeX Font Info:    Checking defaults for OT1/cmr/m/n on input line 83.
LaTeX Font Info:    ... okay on input line 83.
LaTeX Font Info:    Checking defaults for OMS/cmsy/m/n on input line 83.
LaTeX Font Info:    ... okay on input line 83.
LaTeX Font Info:    Checking defaults for OMX/cmex/m/n on input line 83.
LaTeX Font Info:    ... okay on input line 83.
LaTeX Font Info:    Checking defaults for U/cmr/m/n on input line 83.
LaTeX Font Info:    ... okay on input line 83.
LaTeX Font Info:    Checking defaults for PD1/pdf/m/n on input line 83.
LaTeX Font Info:    ... okay on input line 83.
Package caption Info: Begin \AtBeginDocument code.
Package caption Info: hyperref package is loaded.
Package caption Info: subfigure package is loaded.
Package caption Info: End \AtBeginDocument code.

(/usr/local/texlive/2017/texmf-dist/tex/context/base/mkii/supp-pdf.mkii
[Loading MPS to PDF converter (version 2006.09.02).]
\scratchcounter=\count137
\scratchdimen=\dimen132
\scratchbox=\box37
\nofMPsegments=\count138
\nofMParguments=\count139
\everyMPshowfont=\toks36
\MPscratchCnt=\count140
\MPscratchDim=\dimen133
\MPnumerator=\count141
\makeMPintoPDFobject=\count142
\everyMPtoPDFconversion=\toks37
)
\AtBeginShipoutBox=\box38
 (/usr/local/texlive/2017/texmf-dist/tex/latex/oberdiek/pdflscape.sty
Package: pdflscape 2016/05/14 v0.11 Display of landscape pages in PDF (HO)
Package pdflscape Info: Auto-detected driver: pdftex on input line 81.
)
Package hyperref Info: Link coloring ON on input line 83.

(/usr/local/texlive/2017/texmf-dist/tex/latex/hyperref/nameref.sty
Package: nameref 2016/05/21 v2.44 Cross-referencing by name of section

(/usr/local/texlive/2017/texmf-dist/tex/generic/oberdiek/gettitlestring.sty
Package: gettitlestring 2016/05/16 v1.5 Cleanup title references (HO)
)
\c@section@level=\count143
)
LaTeX Info: Redefining \ref on input line 83.
LaTeX Info: Redefining \pageref on input line 83.
LaTeX Info: Redefining \nameref on input line 83.
\openout2 = `0_Prelim/prelim.aux'.


(./0_Prelim/prelim.tex [1


{/usr/local/texlive/2017/texmf-var/fonts/map/pdftex/updmap/pdftex.map}]
LaTeX Font Info:    Try loading font information for OMS+cmr on input line 76.
 (/usr/local/texlive/2017/texmf-dist/tex/latex/base/omscmr.fd
File: omscmr.fd 2014/09/29 v2.5h Standard LaTeX font definitions
)
LaTeX Font Info:    Font shape `OMS/cmr/m/n' in size <14.4> not available
(Font)              Font shape `OMS/cmsy/m/n' tried instead on input line 76.
[2

] [3

] (./0_Prelim/quote.tex) [4

] (./0_Prelim/ack.tex) [5

] (./0_Prelim/abs.tex) [6

] (./thesis.toc
LaTeX Font Info:    Try loading font information for U+msa on input line 2.

(/usr/local/texlive/2017/texmf-dist/tex/latex/amsfonts/umsa.fd
File: umsa.fd 2013/01/14 v3.01 AMS symbols A
)
LaTeX Font Info:    Try loading font information for U+msb on input line 2.

(/usr/local/texlive/2017/texmf-dist/tex/latex/amsfonts/umsb.fd
File: umsb.fd 2013/01/14 v3.01 AMS symbols B
))
\tf@toc=\write4
\openout4 = `thesis.toc'.

 [7


]
(./thesis.lot)
\tf@lot=\write5
\openout5 = `thesis.lot'.

 [8


] (./thesis.lof)
\tf@lof=\write6
\openout6 = `thesis.lof'.

 [9


]
Overfull \hbox (41.71463pt too wide) in paragraph at lines 129--140
 [] 
 []

[10


])
\openout2 = `1_Intro/intro.aux'.

 (./1_Intro/intro.tex
Chapter 1.
[1





]
LaTeX Font Info:    Font shape `OMS/cmr/m/n' in size <12> not available
(Font)              Font shape `OMS/cmsy/m/n' tried instead on input line 24.

Overfull \hbox (29.23088pt too wide) in paragraph at lines 25--26
[]$\OT1/cmr/m/n/12 earning (CE-GAL) that com-bines prob-a-bilis-tic model check
-ing with the optimization-
 []

[2] [3] [4]) [5]
\openout2 = `2_Body/body.aux'.

 (./2_Body/body.tex
Chapter 2.
(./2_Body/background/background.tex [6




] [7] [8] [9]) [10]
Chapter 3.
(./2_Body/section3/section3.tex
<2_Body/section3/figures/sec3_2.jpg, id=258, 642.4pt x 481.8pt>
File: 2_Body/section3/figures/sec3_2.jpg Graphic file (type jpg)

<use 2_Body/section3/figures/sec3_2.jpg>
Package pdftex.def Info: 2_Body/section3/figures/sec3_2.jpg used on input line 
30.
(pdftex.def)             Requested size: 173.44534pt x 130.08038pt.

<2_Body/section3/figures/sec3_3.jpg, id=259, 642.4pt x 481.8pt>
File: 2_Body/section3/figures/sec3_3.jpg Graphic file (type jpg)

<use 2_Body/section3/figures/sec3_3.jpg>
Package pdftex.def Info: 2_Body/section3/figures/sec3_3.jpg used on input line 
37.
(pdftex.def)             Requested size: 173.44534pt x 130.08038pt.

<2_Body/section3/figures/sec3_4.jpg, id=260, 642.4pt x 481.8pt>
File: 2_Body/section3/figures/sec3_4.jpg Graphic file (type jpg)

<use 2_Body/section3/figures/sec3_4.jpg>
Package pdftex.def Info: 2_Body/section3/figures/sec3_4.jpg used on input line 
44.
(pdftex.def)             Requested size: 173.44534pt x 130.08038pt.

<2_Body/section3/figures/sec3_5.png, id=261, 462.528pt x 346.896pt>
File: 2_Body/section3/figures/sec3_5.png Graphic file (type png)

<use 2_Body/section3/figures/sec3_5.png>
Package pdftex.def Info: 2_Body/section3/figures/sec3_5.png used on input line 
51.
(pdftex.def)             Requested size: 173.44534pt x 130.08568pt.
 [11

] [12 <./2_Body/section3/figures/sec3_2.jpg> <./2_Body/section3/figures/sec3_3.
jpg> <./2_Body/section3/figures/sec3_4.jpg> <./2_Body/section3/figures/sec3_5.p
ng>] [13])
(./2_Body/section4/section4.tex
<2_Body/section4/figures/overview.jpg, id=297, 1206.5075pt x 1156.32pt>
File: 2_Body/section4/figures/overview.jpg Graphic file (type jpg)

<use 2_Body/section4/figures/overview.jpg>
Package pdftex.def Info: 2_Body/section4/figures/overview.jpg used on input lin
e 5.
(pdftex.def)             Requested size: 341.42812pt x 341.42903pt.
 [14 <./2_Body/section4/figures/overview.jpg>]
<2_Body/section4/figures/sec4_4.png, id=304, 2086.79625pt x 1401.235pt>
File: 2_Body/section4/figures/sec4_4.png Graphic file (type png)

<use 2_Body/section4/figures/sec4_4.png>
Package pdftex.def Info: 2_Body/section4/figures/sec4_4.png used on input line 
27.
(pdftex.def)             Requested size: 225.47946pt x 151.39954pt.

Overfull \hbox (52.03412pt too wide) in paragraph at lines 27--27
[][]
 []

<2_Body/section4/figures/sec4_3.png, id=305, 2428.07124pt x 1579.9025pt>
File: 2_Body/section4/figures/sec4_3.png Graphic file (type png)

<use 2_Body/section4/figures/sec4_3.png>
Package pdftex.def Info: 2_Body/section4/figures/sec4_3.png used on input line 
34.
(pdftex.def)             Requested size: 225.47946pt x 146.69316pt.

Overfull \hbox (52.03412pt too wide) in paragraph at lines 34--34
[][]
 []


LaTeX Warning: `h' float specifier changed to `ht'.

[15]) (./2_Body/section5/section5.tex [16 <./2_Body/section4/figures/sec4_4.png
> <./2_Body/section4/figures/sec4_3.png>]
Package hyperref Info: bookmark level for unknown algorithm defaults to 0 on in
put line 20.
 [17] [18])
(./2_Body/section6/section6.tex [19]) [20] [21] [22]
Chapter 4.
(./2_Body/experiments/experiments.tex
<2_Body/experiments/figures/0_9.png, id=391, 462.528pt x 346.896pt>
File: 2_Body/experiments/figures/0_9.png Graphic file (type png)

<use 2_Body/experiments/figures/0_9.png>
Package pdftex.def Info: 2_Body/experiments/figures/0_9.png used on input line 
19.
(pdftex.def)             Requested size: 130.08731pt x 97.56425pt.

<2_Body/experiments/figures/0_4.png, id=392, 462.528pt x 346.896pt>
File: 2_Body/experiments/figures/0_4.png Graphic file (type png)

<use 2_Body/experiments/figures/0_4.png>
Package pdftex.def Info: 2_Body/experiments/figures/0_4.png used on input line 
40.
(pdftex.def)             Requested size: 130.08731pt x 97.56425pt.

<2_Body/experiments/figures/0_1.png, id=393, 462.528pt x 346.896pt>
File: 2_Body/experiments/figures/0_1.png Graphic file (type png)

<use 2_Body/experiments/figures/0_1.png>
Package pdftex.def Info: 2_Body/experiments/figures/0_1.png used on input line 
54.
(pdftex.def)             Requested size: 130.08731pt x 97.56425pt.
 [23

]
<2_Body/experiments/figures/cartpole-v0.jpg, id=402, 599.23875pt x 399.4925pt>
File: 2_Body/experiments/figures/cartpole-v0.jpg Graphic file (type jpg)

<use 2_Body/experiments/figures/cartpole-v0.jpg>
Package pdftex.def Info: 2_Body/experiments/figures/cartpole-v0.jpg used on inp
ut line 91.
(pdftex.def)             Requested size: 216.81pt x 144.53648pt.

<2_Body/experiments/figures/cartpole-v2.jpg, id=403, 601.24625pt x 402.50375pt>
File: 2_Body/experiments/figures/cartpole-v2.jpg Graphic file (type jpg)
<use 2_Body/experiments/figures/cartpole-v2.jpg>
Package pdftex.def Info: 2_Body/experiments/figures/cartpole-v2.jpg used on inp
ut line 98.
(pdftex.def)             Requested size: 216.81pt x 145.14076pt.

<2_Body/experiments/figures/cartpole-v3.jpg, id=404, 601.24625pt x 402.50375pt>
File: 2_Body/experiments/figures/cartpole-v3.jpg Graphic file (type jpg)
<use 2_Body/experiments/figures/cartpole-v3.jpg>
Package pdftex.def Info: 2_Body/experiments/figures/cartpole-v3.jpg used on inp
ut line 105.
(pdftex.def)             Requested size: 216.81pt x 145.14076pt.
 [24 <./2_Body/experiments/figures/0_9.png> <./2_Body/experiments/figures/0_4.p
ng> <./2_Body/experiments/figures/0_1.png>] [25 <./2_Body/experiments/figures/c
artpole-v0.jpg> <./2_Body/experiments/figures/cartpole-v2.jpg> <./2_Body/experi
ments/figures/cartpole-v3.jpg>] [26]
<2_Body/experiments/figures/mountaincar-v0.jpg, id=438, 843.15pt x 561.09625pt>
File: 2_Body/experiments/figures/mountaincar-v0.jpg Graphic file (type jpg)
<use 2_Body/experiments/figures/mountaincar-v0.jpg>
Package pdftex.def Info: 2_Body/experiments/figures/mountaincar-v0.jpg used on 
input line 172.
(pdftex.def)             Requested size: 260.17133pt x 173.1418pt.

Overfull \hbox (43.36133pt too wide) in paragraph at lines 172--172
[][]
 []


<2_Body/experiments/figures/mountaincar-v2.jpg, id=439, 843.15pt x 561.09625pt>
File: 2_Body/experiments/figures/mountaincar-v2.jpg Graphic file (type jpg)
<use 2_Body/experiments/figures/mountaincar-v2.jpg>
Package pdftex.def Info: 2_Body/experiments/figures/mountaincar-v2.jpg used on 
input line 179.
(pdftex.def)             Requested size: 260.17133pt x 173.1418pt.

Overfull \hbox (43.36133pt too wide) in paragraph at lines 179--179
[][]
 []


LaTeX Warning: `h' float specifier changed to `ht'.

[27] [28 <./2_Body/experiments/figures/mountaincar-v0.jpg> <./2_Body/experiment
s/figures/mountaincar-v2.jpg>])) [29]
\openout2 = `3_Conclusion/conclusion.aux'.

 (./3_Conclusion/conclusion.tex
Chapter 5.
[30




]) [31] (./thesis.bbl [32



]
Overfull \hbox (19.03023pt too wide) in paragraph at lines 108--114
[]\OT1/cmr/m/n/12 Puggelli, A., Li, W., Sangiovanni-Vincentelli, A. L., and Se-
shia, S. A. (2013).  Polynomial-
 []


Overfull \hbox (2.3932pt too wide) in paragraph at lines 141--146
\OT1/cmr/m/it/12 mal Crit-i-cal Sub-sys-tems for Discrete-Time Markov Mod-els\O
T1/cmr/m/n/12 , pages 299--314.  Springer
 []

[33]) [34] <0_Prelim/cv.pdf, id=482, 597.23125pt x 845.1575pt>
File: 0_Prelim/cv.pdf Graphic file (type pdf)

<use 0_Prelim/cv.pdf>
Package pdftex.def Info: 0_Prelim/cv.pdf used on input line 119.
(pdftex.def)             Requested size: 597.22978pt x 845.15544pt.
File: 0_Prelim/cv.pdf Graphic file (type pdf)
 <use 0_Prelim/cv.pdf>
Package pdftex.def Info: 0_Prelim/cv.pdf used on input line 119.
(pdftex.def)             Requested size: 597.22978pt x 845.15544pt.

<0_Prelim/cv.pdf, id=485, page=1, 597.23125pt x 845.1575pt>
File: 0_Prelim/cv.pdf Graphic file (type pdf)

<use 0_Prelim/cv.pdf, page 1>
Package pdftex.def Info: 0_Prelim/cv.pdf, page1 used on input line 119.
(pdftex.def)             Requested size: 597.22978pt x 845.15544pt.
File: 0_Prelim/cv.pdf Graphic file (type pdf)
 <use 0_Prelim/cv.pdf, page 1>
Package pdftex.def Info: 0_Prelim/cv.pdf, page1 used on input line 119.
(pdftex.def)             Requested size: 561.86221pt x 795.10587pt.
File: 0_Prelim/cv.pdf Graphic file (type pdf)

<use 0_Prelim/cv.pdf, page 1>
Package pdftex.def Info: 0_Prelim/cv.pdf, page1 used on input line 119.
(pdftex.def)             Requested size: 561.86221pt x 795.10587pt.
File: 0_Prelim/cv.pdf Graphic file (type pdf)
 <use 0_Prelim/cv.pdf, page 1>
Package pdftex.def Info: 0_Prelim/cv.pdf, page1 used on input line 119.
(pdftex.def)             Requested size: 561.86221pt x 795.10587pt.
File: 0_Prelim/cv.pdf Graphic file (type pdf)

<use 0_Prelim/cv.pdf, page 1>
Package pdftex.def Info: 0_Prelim/cv.pdf, page1 used on input line 119.
(pdftex.def)             Requested size: 561.86221pt x 795.10587pt.
 [35

 <./0_Prelim/cv.pdf>]
Package atveryend Info: Empty hook `BeforeClearDocument' on input line 122.
Package atveryend Info: Empty hook `AfterLastShipout' on input line 122.
 (./thesis.aux
(./0_Prelim/prelim.aux) (./1_Intro/intro.aux) (./2_Body/body.aux)
(./3_Conclusion/conclusion.aux))
Package atveryend Info: Executing hook `AtVeryEndDocument' on input line 122.
Package atveryend Info: Empty hook `AtEndAfterFileList' on input line 122.
Package atveryend Info: Empty hook `AtVeryVeryEnd' on input line 122.
 )
(\end occurred inside a group at level 1)

### simple group (level 1) entered at line 9 ({)
### bottom level 
Here is how much of TeX's memory you used:
 9958 strings out of 492995
 149629 string characters out of 6132704
 257418 words of memory out of 5000000
 13094 multiletter control sequences out of 15000+600000
 14306 words of font info for 56 fonts, out of 8000000 for 9000
 1141 hyphenation exceptions out of 8191
 42i,19n,43p,1678b,540s stack positions out of 5000i,500n,10000p,200000b,80000s
</usr/local/texlive/2017/texmf-dist/fonts/type1/public/amsfonts
/cm/cmbx12.pfb></usr/local/texlive/2017/texmf-dist/fonts/type1/public/amsfonts/
cm/cmex10.pfb></usr/local/texlive/2017/texmf-dist/fonts/type1/public/amsfonts/c
mextra/cmex8.pfb></usr/local/texlive/2017/texmf-dist/fonts/type1/public/amsfont
s/cm/cmmi12.pfb></usr/local/texlive/2017/texmf-dist/fonts/type1/public/amsfonts
/cm/cmmi6.pfb></usr/local/texlive/2017/texmf-dist/fonts/type1/public/amsfonts/c
m/cmmi8.pfb></usr/local/texlive/2017/texmf-dist/fonts/type1/public/amsfonts/cm/
cmr10.pfb></usr/local/texlive/2017/texmf-dist/fonts/type1/public/amsfonts/cm/cm
r12.pfb></usr/local/texlive/2017/texmf-dist/fonts/type1/public/amsfonts/cm/cmr6
.pfb></usr/local/texlive/2017/texmf-dist/fonts/type1/public/amsfonts/cm/cmr7.pf
b></usr/local/texlive/2017/texmf-dist/fonts/type1/public/amsfonts/cm/cmr8.pfb><
/usr/local/texlive/2017/texmf-dist/fonts/type1/public/amsfonts/cm/cmsy10.pfb></
usr/local/texlive/2017/texmf-dist/fonts/type1/public/amsfonts/cm/cmsy6.pfb></us
r/local/texlive/2017/texmf-dist/fonts/type1/public/amsfonts/cm/cmsy8.pfb></usr/
local/texlive/2017/texmf-dist/fonts/type1/public/amsfonts/cm/cmti12.pfb></usr/l
ocal/texlive/2017/texmf-dist/fonts/type1/public/amsfonts/cm/cmtt10.pfb></usr/lo
cal/texlive/2017/texmf-dist/fonts/type1/public/amsfonts/cm/cmtt12.pfb></usr/loc
al/texlive/2017/texmf-dist/fonts/type1/public/amsfonts/symbols/msbm10.pfb>
Output written on thesis.pdf (45 pages, 1716153 bytes).
PDF statistics:
 617 PDF objects out of 1000 (max. 8388607)
 512 compressed objects within 6 object streams
 150 named destinations out of 1000 (max. 500000)
 96 words of extra memory for PDF output out of 10000 (max. 10000000)

